<?xml version="1.0" encoding="UTF-8"?>
<!-- Generated by org.testng.reporters.JUnitXMLReporter -->
<testsuite ignored="0" hostname="SweetHome" failures="1" tests="1" name="TestNG Sample Testing" time="4.701" errors="0" timestamp="2026-07-17T23:49:28 IST">
  <testcase classname="tests.AdminSkillTest" name="verifyAddSkill" time="0.798">
    <failure type="java.lang.IllegalArgumentException" message="Locator must be set">
      <![CDATA[java.lang.IllegalArgumentException: Locator must be set
at org.openqa.selenium.internal.Require.nonNull(Require.java:61)
at org.openqa.selenium.remote.RemoteWebDriver.findElement(RemoteWebDriver.java:347)
at org.openqa.selenium.support.ui.ExpectedConditions$7.apply(ExpectedConditions.java:194)
at org.openqa.selenium.support.ui.ExpectedConditions$7.apply(ExpectedConditions.java:190)
at org.openqa.selenium.support.ui.FluentWait.until(FluentWait.java:203)
at pages.AdminSkillPage.addSkillName(AdminSkillPage.java:69)
at tests.AdminSkillTest.verifyAddSkill(AdminSkillTest.java:31)
at java.base/java.util.ArrayList.forEach(ArrayList.java:1511)
... Removed 25 stack frames]]>
    </failure>
  </testcase> <!-- verifyAddSkill -->
</testsuite> <!-- TestNG Sample Testing -->
