<?xml version="1.0" encoding="UTF-8"?>
<testng-results ignored="0" total="1" passed="1" failed="0" skipped="0">
  <reporter-output>
    <line>
      <![CDATA[Add Employee Test PASSED]]>
    </line>
  </reporter-output>
  <suite started-at="2026-07-17T15:06:09 IST" name="Suite" finished-at="2026-07-17T15:07:19 IST" duration-ms="69775">
    <groups>
    </groups>
    <test started-at="2026-07-17T15:06:09 IST" name="TestNG Sample Testing" finished-at="2026-07-17T15:07:19 IST" duration-ms="69775">
      <class name="tests.PIMTest">
        <test-method is-config="true" signature="setup()[pri:0, instance:tests.PIMTest@3f197a46]" started-at="2026-07-17T15:06:09 IST" name="setup" finished-at="2026-07-17T15:06:29 IST" duration-ms="20064" status="PASS">
          <reporter-output>
          </reporter-output>
        </test-method> <!-- setup -->
        <test-method signature="verifyAddEmployee()[pri:0, instance:tests.PIMTest@3f197a46]" started-at="2026-07-17T15:06:29 IST" name="verifyAddEmployee" finished-at="2026-07-17T15:07:18 IST" duration-ms="49351" status="PASS">
          <reporter-output>
            <line>
              <![CDATA[Add Employee Test PASSED]]>
            </line>
          </reporter-output>
        </test-method> <!-- verifyAddEmployee -->
        <test-method is-config="true" signature="closeBrowser()[pri:0, instance:tests.PIMTest@3f197a46]" started-at="2026-07-17T15:07:18 IST" name="closeBrowser" finished-at="2026-07-17T15:07:19 IST" duration-ms="307" status="PASS">
          <reporter-output>
          </reporter-output>
        </test-method> <!-- closeBrowser -->
      </class> <!-- tests.PIMTest -->
    </test> <!-- TestNG Sample Testing -->
  </suite> <!-- Suite -->
</testng-results>
