<?xml version="1.0" encoding="UTF-8"?>
<testng-results ignored="0" total="1" passed="1" failed="0" skipped="0">
  <reporter-output>
    <line>
      <![CDATA[Add Employee Test PASSED]]>
    </line>
  </reporter-output>
  <suite started-at="2026-07-11T18:34:01 IST" name="Suite" finished-at="2026-07-11T18:34:49 IST" duration-ms="47971">
    <groups>
    </groups>
    <test started-at="2026-07-11T18:34:01 IST" name="TestNG Sample Testing" finished-at="2026-07-11T18:34:49 IST" duration-ms="47971">
      <class name="tests.PIMTest">
        <test-method is-config="true" signature="setup()[pri:0, instance:tests.PIMTest@6ca8564a]" started-at="2026-07-11T18:34:01 IST" name="setup" finished-at="2026-07-11T18:34:10 IST" duration-ms="8886" status="PASS">
          <reporter-output>
          </reporter-output>
        </test-method> <!-- setup -->
        <test-method signature="verifyAddEmployee()[pri:0, instance:tests.PIMTest@6ca8564a]" started-at="2026-07-11T18:34:10 IST" name="verifyAddEmployee" finished-at="2026-07-11T18:34:49 IST" duration-ms="38662" status="PASS">
          <reporter-output>
            <line>
              <![CDATA[Add Employee Test PASSED]]>
            </line>
          </reporter-output>
        </test-method> <!-- verifyAddEmployee -->
        <test-method is-config="true" signature="closeBrowser()[pri:0, instance:tests.PIMTest@6ca8564a]" started-at="2026-07-11T18:34:49 IST" name="closeBrowser" finished-at="2026-07-11T18:34:49 IST" duration-ms="367" status="PASS">
          <reporter-output>
          </reporter-output>
        </test-method> <!-- closeBrowser -->
      </class> <!-- tests.PIMTest -->
    </test> <!-- TestNG Sample Testing -->
  </suite> <!-- Suite -->
</testng-results>
