<?xml version="1.0" encoding="UTF-8"?>
<testng-results ignored="0" total="1" passed="1" failed="0" skipped="0">
  <reporter-output>
    <line>
      <![CDATA[Add Employee Test PASSED]]>
    </line>
  </reporter-output>
  <suite started-at="2026-06-20T08:03:54 IST" name="Suite" finished-at="2026-06-20T08:05:10 IST" duration-ms="76526">
    <groups>
    </groups>
    <test started-at="2026-06-20T08:03:54 IST" name="TestNG Sample Testing" finished-at="2026-06-20T08:05:10 IST" duration-ms="76526">
      <class name="tests.PIMTest">
        <test-method is-config="true" signature="setup()[pri:0, instance:tests.PIMTest@6adbc9d]" started-at="2026-06-20T08:03:54 IST" name="setup" finished-at="2026-06-20T08:04:08 IST" duration-ms="13877" status="PASS">
          <reporter-output>
          </reporter-output>
        </test-method> <!-- setup -->
        <test-method signature="verifyAddEmployee()[pri:0, instance:tests.PIMTest@6adbc9d]" started-at="2026-06-20T08:04:08 IST" name="verifyAddEmployee" finished-at="2026-06-20T08:05:09 IST" duration-ms="61603" status="PASS">
          <reporter-output>
            <line>
              <![CDATA[Add Employee Test PASSED]]>
            </line>
          </reporter-output>
        </test-method> <!-- verifyAddEmployee -->
        <test-method is-config="true" signature="closeBrowser()[pri:0, instance:tests.PIMTest@6adbc9d]" started-at="2026-06-20T08:05:09 IST" name="closeBrowser" finished-at="2026-06-20T08:05:10 IST" duration-ms="970" status="PASS">
          <reporter-output>
          </reporter-output>
        </test-method> <!-- closeBrowser -->
      </class> <!-- tests.PIMTest -->
    </test> <!-- TestNG Sample Testing -->
  </suite> <!-- Suite -->
</testng-results>
