<?xml version="1.0" encoding="UTF-8"?>
<!-- Generated by org.testng.reporters.JUnitReportReporter -->
<testsuite hostname="SweetHome" failures="0" tests="8" name="tests.As" time="0.023" errors="0" timestamp="2026-06-04T22:29:07 IST" skipped="0">
  <testcase classname="tests.As" name="Test1" time="0.006"/>
  <testcase classname="tests.As" name="PageTitle" time="0.002"/>
  <testcase classname="tests.As" name="RegisterUser" time="0.002"/>
  <testcase classname="tests.As" name="Login" time="0.002"/>
  <testcase classname="tests.As" name="Login" time="0.001"/>
  <testcase classname="tests.As" name="Login" time="0.001"/>
  <testcase classname="tests.As" name="Login" time="0.006"/>
  <testcase classname="tests.As" name="AddEmployee" time="0.003"/>
</testsuite> <!-- tests.As -->
