<?xml version="1.0" encoding="UTF-8"?>
<!-- Generated by org.testng.reporters.JUnitReportReporter -->
<testsuite hostname="SweetHome" failures="0" tests="1" name="tests.PIMTest" time="76.450" errors="0" timestamp="2026-06-20T08:05:11 IST" skipped="0">
  <testcase classname="tests.PIMTest" name="verifyAddEmployee" time="76.450">
    <system-out>
      <![CDATA[Add Employee Test PASSED]]>
    </system-out>
  </testcase> <!-- verifyAddEmployee -->
  <system-out>
    <![CDATA[Add Employee Test PASSED]]>
  </system-out>
</testsuite> <!-- tests.PIMTest -->
