<?xml version="1.0" encoding="UTF-8"?>
<!-- Generated by org.testng.reporters.JUnitReportReporter -->
<testsuite hostname="SweetHome" failures="0" tests="6" name="tests.LoginTest" time="125.122" errors="0" timestamp="2026-06-16T14:34:51 IST" skipped="0">
  <testcase classname="tests.LoginTest" name="checkLoginPageTitle" time="13.535">
    <system-out>
      <![CDATA[Page Title : OrangeHRM]]>
    </system-out>
  </testcase> <!-- checkLoginPageTitle -->
  <testcase classname="tests.LoginTest" name="verifyValidLogin" time="28.461">
    <system-out>
      <![CDATA[Valid Login Result : true]]>
    </system-out>
  </testcase> <!-- verifyValidLogin -->
  <testcase classname="tests.LoginTest" name="verifyLogin" time="28.958">
    <system-out>
      <![CDATA[Application Validation Result : true
Test Passed]]>
    </system-out>
  </testcase> <!-- verifyLogin -->
  <testcase classname="tests.LoginTest" name="verifyLogin" time="16.139">
    <system-out>
      <![CDATA[Application Validation Result : true
Test Passed]]>
    </system-out>
  </testcase> <!-- verifyLogin -->
  <testcase classname="tests.LoginTest" name="verifyLogin" time="17.218">
    <system-out>
      <![CDATA[Application Validation Result : true
Test Passed]]>
    </system-out>
  </testcase> <!-- verifyLogin -->
  <testcase classname="tests.LoginTest" name="verifyLogin" time="20.811">
    <system-out>
      <![CDATA[Application Validation Result : true
Test Passed]]>
    </system-out>
  </testcase> <!-- verifyLogin -->
  <system-out>
    <![CDATA[Page Title : OrangeHRM
Valid Login Result : true
Application Validation Result : true
Test Passed
Application Validation Result : true
Test Passed
Application Validation Result : true
Test Passed
Application Validation Result : true
Test Passed]]>
  </system-out>
</testsuite> <!-- tests.LoginTest -->
